
16/05/2020 19:01:11 PagSeguro.Installment[info]: Begin
16/05/2020 19:01:11 PagSeguro.Installment[info]: GET: https://ws.pagseguro.uol.com.br/v2/installments?email=henriquetsi10%40gmail.com&token=0c2adbb5-4c88-4a8f-992b-675f351e7b008d74be174a64821a9fa0aaf9ee128362a6ad-cf6e-406e-8863-65c9c9b33903&amount=140.00&maxInstallmentNoInterest=3
16/05/2020 19:01:12 PagSeguro.Session[info]: Begin
16/05/2020 19:01:12 PagSeguro.Session[info]: POST: https://ws.pagseguro.uol.com.br/v2/sessions?email=henriquetsi10%40gmail.com&token=0c2adbb5-4c88-4a8f-992b-675f351e7b008d74be174a64821a9fa0aaf9ee128362a6ad-cf6e-406e-8863-65c9c9b33903
16/05/2020 19:01:12 PagSeguro.Session[info]: Session ID: 11bffb7c075a4110b209be8506ce20b8
16/05/2020 19:01:12 PagSeguro.DirectPayment.CreditCard[info]: Begin
16/05/2020 19:01:12 PagSeguro.DirectPayment.CreditCard[info]: POST: https://ws.pagseguro.uol.com.br/v2/transactions/?email=henriquetsi10%40gmail.com&token=0c2adbb5-4c88-4a8f-992b-675f351e7b008d74be174a64821a9fa0aaf9ee128362a6ad-cf6e-406e-8863-65c9c9b33903
16/05/2020 19:01:12 PagSeguro.Checkout[info]: Params: {"billingAddressStreet":"Av. Brig. Faria Lima","billingAddressNumber":"1384","billingAddressComplement":"apto. 114","billingAddressCity":"S\u00e3o Paulo","billingAddressState":"SP","billingAddressDistrict":"Jardim Paulistano","billingAddressPostalCode":"01452002","billingAddressCountry":"BRA","currency":"BRL","creditCardHolderName":"Jo\u00e3o Comprador","creditCardHolderBirthDate":"01\/10\/1979","creditCardHolderAreaCode":61,"creditCardHolderPhone":936524189,"creditCardHolderCPF":"58885319017","installmentQuantity":36.05,"installmentValue":4,"itemId1":"0001","itemDescription1":"Notebook prata","itemQuantity1":1,"itemAmount1":"140.00","paymentMethod":"creditCard","paymentMode":"DEFAULT","receiverEmail":"henriquetsi10@gmail.com","senderName":"Jo\u00e3o Comprador","senderEmail":"email@comprador.com.br","senderAreaCode":61,"senderPhone":"(**) 98356-****","senderCPF":"588.***.***-**","senderIp":"127.0.0.0","senderHash":"60ed3ce797f9681d8d412b49997633015b6231f52093e05cdff06b386df4afbe","shippingAddressStreet":"Av. Brig. Faria Lima","shippingAddressNumber":"1384","shippingAddressComplement":"apto. 114","shippingAddressCity":"S\u00e3o Paulo","shippingAddressState":"SP","shippingAddressDistrict":"Jardim Paulistano","shippingAddressPostalCode":"01452002","shippingAddressCountry":"BRA","creditCardToken":"5d1d02e660eb4a3ea884866fdd252c6f"}
16/05/2020 19:01:12 PagSeguro.DirectPayment.CreditCard[error]: <?xml version="1.0" encoding="ISO-8859-1" standalone="yes"?><errors><error><code>53039</code><message>installment quantity invalid value: 36.05</message></error><error><code>53041</code><message>installment value invalid value: 4</message></error></errors>
16/05/2020 19:01:26 PagSeguro.Installment[info]: Begin
16/05/2020 19:01:26 PagSeguro.Installment[info]: GET: https://ws.pagseguro.uol.com.br/v2/installments?email=henriquetsi10%40gmail.com&token=0c2adbb5-4c88-4a8f-992b-675f351e7b008d74be174a64821a9fa0aaf9ee128362a6ad-cf6e-406e-8863-65c9c9b33903&amount=140.00&maxInstallmentNoInterest=3
16/05/2020 19:01:27 PagSeguro.Session[info]: Begin
16/05/2020 19:01:27 PagSeguro.Session[info]: POST: https://ws.pagseguro.uol.com.br/v2/sessions?email=henriquetsi10%40gmail.com&token=0c2adbb5-4c88-4a8f-992b-675f351e7b008d74be174a64821a9fa0aaf9ee128362a6ad-cf6e-406e-8863-65c9c9b33903
16/05/2020 19:01:27 PagSeguro.Session[info]: Session ID: 3f83a9fc643746459301bd09b31070c8
16/05/2020 19:01:36 PagSeguro.Installment[info]: Begin
16/05/2020 19:01:36 PagSeguro.Installment[info]: GET: https://ws.pagseguro.uol.com.br/v2/installments?email=henriquetsi10%40gmail.com&token=0c2adbb5-4c88-4a8f-992b-675f351e7b008d74be174a64821a9fa0aaf9ee128362a6ad-cf6e-406e-8863-65c9c9b33903&amount=140.00&maxInstallmentNoInterest=3
16/05/2020 19:01:37 PagSeguro.Session[info]: Begin
16/05/2020 19:01:37 PagSeguro.Session[info]: POST: https://ws.pagseguro.uol.com.br/v2/sessions?email=henriquetsi10%40gmail.com&token=0c2adbb5-4c88-4a8f-992b-675f351e7b008d74be174a64821a9fa0aaf9ee128362a6ad-cf6e-406e-8863-65c9c9b33903
16/05/2020 19:01:37 PagSeguro.Session[info]: Session ID: cefbe26f9fc740fe88101090266dbe8c
16/05/2020 19:01:37 PagSeguro.DirectPayment.CreditCard[info]: Begin
16/05/2020 19:01:37 PagSeguro.DirectPayment.CreditCard[info]: POST: https://ws.pagseguro.uol.com.br/v2/transactions/?email=henriquetsi10%40gmail.com&token=0c2adbb5-4c88-4a8f-992b-675f351e7b008d74be174a64821a9fa0aaf9ee128362a6ad-cf6e-406e-8863-65c9c9b33903
16/05/2020 19:01:37 PagSeguro.DirectPayment.CreditCard[error]: number_format() expects parameter 1 to be float, string given
16/05/2020 19:01:50 PagSeguro.Installment[info]: Begin
16/05/2020 19:01:50 PagSeguro.Installment[info]: GET: https://ws.pagseguro.uol.com.br/v2/installments?email=henriquetsi10%40gmail.com&token=0c2adbb5-4c88-4a8f-992b-675f351e7b008d74be174a64821a9fa0aaf9ee128362a6ad-cf6e-406e-8863-65c9c9b33903&amount=140.00&maxInstallmentNoInterest=3
16/05/2020 19:01:50 PagSeguro.Session[info]: Begin
16/05/2020 19:01:50 PagSeguro.Session[info]: POST: https://ws.pagseguro.uol.com.br/v2/sessions?email=henriquetsi10%40gmail.com&token=0c2adbb5-4c88-4a8f-992b-675f351e7b008d74be174a64821a9fa0aaf9ee128362a6ad-cf6e-406e-8863-65c9c9b33903
16/05/2020 19:01:51 PagSeguro.Session[info]: Session ID: afe348f1bf1548099b09273a8bdfc49a
16/05/2020 19:01:51 PagSeguro.DirectPayment.CreditCard[info]: Begin
16/05/2020 19:01:51 PagSeguro.DirectPayment.CreditCard[info]: POST: https://ws.pagseguro.uol.com.br/v2/transactions/?email=henriquetsi10%40gmail.com&token=0c2adbb5-4c88-4a8f-992b-675f351e7b008d74be174a64821a9fa0aaf9ee128362a6ad-cf6e-406e-8863-65c9c9b33903
16/05/2020 19:01:51 PagSeguro.DirectPayment.CreditCard[error]: A non well formed numeric value encountered
16/05/2020 19:02:02 PagSeguro.Installment[info]: Begin
16/05/2020 19:02:02 PagSeguro.Installment[info]: GET: https://ws.pagseguro.uol.com.br/v2/installments?email=henriquetsi10%40gmail.com&token=0c2adbb5-4c88-4a8f-992b-675f351e7b008d74be174a64821a9fa0aaf9ee128362a6ad-cf6e-406e-8863-65c9c9b33903&amount=140.00&maxInstallmentNoInterest=3
16/05/2020 19:02:02 PagSeguro.Session[info]: Begin
16/05/2020 19:02:02 PagSeguro.Session[info]: POST: https://ws.pagseguro.uol.com.br/v2/sessions?email=henriquetsi10%40gmail.com&token=0c2adbb5-4c88-4a8f-992b-675f351e7b008d74be174a64821a9fa0aaf9ee128362a6ad-cf6e-406e-8863-65c9c9b33903
16/05/2020 19:02:03 PagSeguro.Session[info]: Session ID: 6cd36bf566fa442ab3147364e2efee68
16/05/2020 19:02:03 PagSeguro.DirectPayment.CreditCard[info]: Begin
16/05/2020 19:02:03 PagSeguro.DirectPayment.CreditCard[info]: POST: https://ws.pagseguro.uol.com.br/v2/transactions/?email=henriquetsi10%40gmail.com&token=0c2adbb5-4c88-4a8f-992b-675f351e7b008d74be174a64821a9fa0aaf9ee128362a6ad-cf6e-406e-8863-65c9c9b33903
16/05/2020 19:02:03 PagSeguro.Checkout[info]: Params: {"billingAddressStreet":"Av. Brig. Faria Lima","billingAddressNumber":"1384","billingAddressComplement":"apto. 114","billingAddressCity":"S\u00e3o Paulo","billingAddressState":"SP","billingAddressDistrict":"Jardim Paulistano","billingAddressPostalCode":"01452002","billingAddressCountry":"BRA","currency":"BRL","creditCardHolderName":"Jo\u00e3o Comprador","creditCardHolderBirthDate":"01\/10\/1979","creditCardHolderAreaCode":61,"creditCardHolderPhone":936524189,"creditCardHolderCPF":"58885319017","installmentQuantity":4,"installmentValue":"36.05","itemId1":"0001","itemDescription1":"Notebook prata","itemQuantity1":1,"itemAmount1":"140.00","paymentMethod":"creditCard","paymentMode":"DEFAULT","receiverEmail":"henriquetsi10@gmail.com","senderName":"Jo\u00e3o Comprador","senderEmail":"email@comprador.com.br","senderAreaCode":61,"senderPhone":"(**) 98356-****","senderCPF":"588.***.***-**","senderIp":"127.0.0.0","senderHash":"60ed3ce797f9681d8d412b49997633015b6231f52093e05cdff06b386df4afbe","shippingAddressStreet":"Av. Brig. Faria Lima","shippingAddressNumber":"1384","shippingAddressComplement":"apto. 114","shippingAddressCity":"S\u00e3o Paulo","shippingAddressState":"SP","shippingAddressDistrict":"Jardim Paulistano","shippingAddressPostalCode":"01452002","shippingAddressCountry":"BRA","creditCardToken":"5d1d02e660eb4a3ea884866fdd252c6f"}
16/05/2020 19:02:04 PagSeguro.DirectPayment.CreditCard[error]: <?xml version="1.0" encoding="ISO-8859-1" standalone="yes"?><errors><error><code>53041</code><message>installment value invalid value: 36.05</message></error></errors>
16/05/2020 19:02:17 PagSeguro.Installment[info]: Begin
16/05/2020 19:02:17 PagSeguro.Installment[info]: GET: https://ws.pagseguro.uol.com.br/v2/installments?email=henriquetsi10%40gmail.com&token=0c2adbb5-4c88-4a8f-992b-675f351e7b008d74be174a64821a9fa0aaf9ee128362a6ad-cf6e-406e-8863-65c9c9b33903&amount=140.00&maxInstallmentNoInterest=3
16/05/2020 19:02:18 PagSeguro.Session[info]: Begin
16/05/2020 19:02:18 PagSeguro.Session[info]: POST: https://ws.pagseguro.uol.com.br/v2/sessions?email=henriquetsi10%40gmail.com&token=0c2adbb5-4c88-4a8f-992b-675f351e7b008d74be174a64821a9fa0aaf9ee128362a6ad-cf6e-406e-8863-65c9c9b33903
16/05/2020 19:02:18 PagSeguro.Session[info]: Session ID: 92f7fa7621eb4665b88fcf3ad8c088ad
16/05/2020 19:02:18 PagSeguro.DirectPayment.CreditCard[info]: Begin
16/05/2020 19:02:18 PagSeguro.DirectPayment.CreditCard[info]: POST: https://ws.pagseguro.uol.com.br/v2/transactions/?email=henriquetsi10%40gmail.com&token=0c2adbb5-4c88-4a8f-992b-675f351e7b008d74be174a64821a9fa0aaf9ee128362a6ad-cf6e-406e-8863-65c9c9b33903
16/05/2020 19:02:18 PagSeguro.Checkout[info]: Params: {"billingAddressStreet":"Av. Brig. Faria Lima","billingAddressNumber":"1384","billingAddressComplement":"apto. 114","billingAddressCity":"S\u00e3o Paulo","billingAddressState":"SP","billingAddressDistrict":"Jardim Paulistano","billingAddressPostalCode":"01452002","billingAddressCountry":"BRA","currency":"BRL","creditCardHolderName":"Jo\u00e3o Comprador","creditCardHolderBirthDate":"01\/10\/1979","creditCardHolderAreaCode":61,"creditCardHolderPhone":936524189,"creditCardHolderCPF":"58885319017","installmentQuantity":2,"installmentValue":"70.00","itemId1":"0001","itemDescription1":"Notebook prata","itemQuantity1":1,"itemAmount1":"140.00","paymentMethod":"creditCard","paymentMode":"DEFAULT","receiverEmail":"henriquetsi10@gmail.com","senderName":"Jo\u00e3o Comprador","senderEmail":"email@comprador.com.br","senderAreaCode":61,"senderPhone":"(**) 98356-****","senderCPF":"588.***.***-**","senderIp":"127.0.0.0","senderHash":"60ed3ce797f9681d8d412b49997633015b6231f52093e05cdff06b386df4afbe","shippingAddressStreet":"Av. Brig. Faria Lima","shippingAddressNumber":"1384","shippingAddressComplement":"apto. 114","shippingAddressCity":"S\u00e3o Paulo","shippingAddressState":"SP","shippingAddressDistrict":"Jardim Paulistano","shippingAddressPostalCode":"01452002","shippingAddressCountry":"BRA","creditCardToken":"5d1d02e660eb4a3ea884866fdd252c6f"}
16/05/2020 19:02:19 PagSeguro.DirectPayment.CreditCard[error]: <?xml version="1.0" encoding="ISO-8859-1" standalone="yes"?><errors><error><code>53041</code><message>installment value invalid value: 70.00</message></error></errors>
16/05/2020 19:04:38 PagSeguro.Installment[info]: Begin
16/05/2020 19:04:39 PagSeguro.Installment[info]: GET: https://ws.pagseguro.uol.com.br/v2/installments?email=henriquetsi10%40gmail.com&token=0c2adbb5-4c88-4a8f-992b-675f351e7b008d74be174a64821a9fa0aaf9ee128362a6ad-cf6e-406e-8863-65c9c9b33903&amount=140.00&maxInstallmentNoInterest=3
16/05/2020 19:04:39 PagSeguro.Session[info]: Begin
16/05/2020 19:04:39 PagSeguro.Session[info]: POST: https://ws.pagseguro.uol.com.br/v2/sessions?email=henriquetsi10%40gmail.com&token=0c2adbb5-4c88-4a8f-992b-675f351e7b008d74be174a64821a9fa0aaf9ee128362a6ad-cf6e-406e-8863-65c9c9b33903
16/05/2020 19:04:39 PagSeguro.Session[info]: Session ID: f8675415e4f549cfa5a6f4745fa1e459
16/05/2020 19:04:39 PagSeguro.DirectPayment.CreditCard[info]: Begin
16/05/2020 19:04:39 PagSeguro.DirectPayment.CreditCard[info]: POST: https://ws.pagseguro.uol.com.br/v2/transactions/?email=henriquetsi10%40gmail.com&token=0c2adbb5-4c88-4a8f-992b-675f351e7b008d74be174a64821a9fa0aaf9ee128362a6ad-cf6e-406e-8863-65c9c9b33903
16/05/2020 19:04:39 PagSeguro.DirectPayment.CreditCard[error]: current() expects parameter 1 to be array, null given
16/05/2020 19:04:53 PagSeguro.Installment[info]: Begin
16/05/2020 19:04:53 PagSeguro.Installment[info]: GET: https://ws.pagseguro.uol.com.br/v2/installments?email=henriquetsi10%40gmail.com&token=0c2adbb5-4c88-4a8f-992b-675f351e7b008d74be174a64821a9fa0aaf9ee128362a6ad-cf6e-406e-8863-65c9c9b33903&amount=140.00&maxInstallmentNoInterest=3
16/05/2020 19:04:54 PagSeguro.Session[info]: Begin
16/05/2020 19:04:54 PagSeguro.Session[info]: POST: https://ws.pagseguro.uol.com.br/v2/sessions?email=henriquetsi10%40gmail.com&token=0c2adbb5-4c88-4a8f-992b-675f351e7b008d74be174a64821a9fa0aaf9ee128362a6ad-cf6e-406e-8863-65c9c9b33903
16/05/2020 19:04:54 PagSeguro.Session[info]: Session ID: e185121aa9c542639fa98875a36e7fbd
16/05/2020 19:04:54 PagSeguro.DirectPayment.CreditCard[info]: Begin
16/05/2020 19:04:54 PagSeguro.DirectPayment.CreditCard[info]: POST: https://ws.pagseguro.uol.com.br/v2/transactions/?email=henriquetsi10%40gmail.com&token=0c2adbb5-4c88-4a8f-992b-675f351e7b008d74be174a64821a9fa0aaf9ee128362a6ad-cf6e-406e-8863-65c9c9b33903
16/05/2020 19:04:54 PagSeguro.Checkout[info]: Params: {"billingAddressStreet":"Av. Brig. Faria Lima","billingAddressNumber":"1384","billingAddressComplement":"apto. 114","billingAddressCity":"S\u00e3o Paulo","billingAddressState":"SP","billingAddressDistrict":"Jardim Paulistano","billingAddressPostalCode":"01452002","billingAddressCountry":"BRA","currency":"BRL","creditCardHolderName":"Jo\u00e3o Comprador","creditCardHolderBirthDate":"01\/10\/1979","creditCardHolderAreaCode":61,"creditCardHolderPhone":936524189,"creditCardHolderCPF":"58885319017","installmentQuantity":2,"installmentValue":"70.00","itemId1":"0001","itemDescription1":"Notebook prata","itemQuantity1":1,"itemAmount1":"140.00","paymentMethod":"creditCard","paymentMode":"DEFAULT","receiverEmail":"henriquetsi10@gmail.com","senderName":"Jo\u00e3o Comprador","senderEmail":"email@comprador.com.br","senderAreaCode":61,"senderPhone":"(**) 98356-****","senderCPF":"588.***.***-**","senderIp":"127.0.0.0","senderHash":"60ed3ce797f9681d8d412b49997633015b6231f52093e05cdff06b386df4afbe","shippingAddressStreet":"Av. Brig. Faria Lima","shippingAddressNumber":"1384","shippingAddressComplement":"apto. 114","shippingAddressCity":"S\u00e3o Paulo","shippingAddressState":"SP","shippingAddressDistrict":"Jardim Paulistano","shippingAddressPostalCode":"01452002","shippingAddressCountry":"BRA","creditCardToken":"5d1d02e660eb4a3ea884866fdd252c6f"}
16/05/2020 19:04:55 PagSeguro.DirectPayment.CreditCard[error]: <?xml version="1.0" encoding="ISO-8859-1" standalone="yes"?><errors><error><code>53041</code><message>installment value invalid value: 70.00</message></error></errors>
16/05/2020 19:05:40 PagSeguro.Installment[info]: Begin
16/05/2020 19:05:40 PagSeguro.Installment[info]: GET: https://ws.pagseguro.uol.com.br/v2/installments?email=henriquetsi10%40gmail.com&token=0c2adbb5-4c88-4a8f-992b-675f351e7b008d74be174a64821a9fa0aaf9ee128362a6ad-cf6e-406e-8863-65c9c9b33903&amount=140.00&maxInstallmentNoInterest=3
16/05/2020 19:05:41 PagSeguro.Session[info]: Begin
16/05/2020 19:05:41 PagSeguro.Session[info]: POST: https://ws.pagseguro.uol.com.br/v2/sessions?email=henriquetsi10%40gmail.com&token=0c2adbb5-4c88-4a8f-992b-675f351e7b008d74be174a64821a9fa0aaf9ee128362a6ad-cf6e-406e-8863-65c9c9b33903
16/05/2020 19:05:41 PagSeguro.Session[info]: Session ID: 4bd98734e4b243539d8b16bb4d1b014c
16/05/2020 19:05:41 PagSeguro.DirectPayment.CreditCard[info]: Begin
16/05/2020 19:05:41 PagSeguro.DirectPayment.CreditCard[info]: POST: https://ws.pagseguro.uol.com.br/v2/transactions/?email=henriquetsi10%40gmail.com&token=0c2adbb5-4c88-4a8f-992b-675f351e7b008d74be174a64821a9fa0aaf9ee128362a6ad-cf6e-406e-8863-65c9c9b33903
16/05/2020 19:05:41 PagSeguro.Checkout[info]: Params: {"billingAddressStreet":"Av. Brig. Faria Lima","billingAddressNumber":"1384","billingAddressComplement":"apto. 114","billingAddressCity":"S\u00e3o Paulo","billingAddressState":"SP","billingAddressDistrict":"Jardim Paulistano","billingAddressPostalCode":"01452002","billingAddressCountry":"BRA","currency":"BRL","creditCardHolderName":"Jo\u00e3o Comprador","creditCardHolderBirthDate":"01\/10\/1979","creditCardHolderAreaCode":61,"creditCardHolderPhone":936524189,"creditCardHolderCPF":"58885319017","installmentQuantity":2,"installmentValue":"140.00","itemId1":"0001","itemDescription1":"Notebook prata","itemQuantity1":1,"itemAmount1":"140.00","paymentMethod":"creditCard","paymentMode":"DEFAULT","receiverEmail":"henriquetsi10@gmail.com","senderName":"Jo\u00e3o Comprador","senderEmail":"email@comprador.com.br","senderAreaCode":61,"senderPhone":"(**) 98356-****","senderCPF":"588.***.***-**","senderIp":"127.0.0.0","senderHash":"60ed3ce797f9681d8d412b49997633015b6231f52093e05cdff06b386df4afbe","shippingAddressStreet":"Av. Brig. Faria Lima","shippingAddressNumber":"1384","shippingAddressComplement":"apto. 114","shippingAddressCity":"S\u00e3o Paulo","shippingAddressState":"SP","shippingAddressDistrict":"Jardim Paulistano","shippingAddressPostalCode":"01452002","shippingAddressCountry":"BRA","creditCardToken":"5d1d02e660eb4a3ea884866fdd252c6f"}
16/05/2020 19:05:42 PagSeguro.DirectPayment.CreditCard[error]: <?xml version="1.0" encoding="ISO-8859-1" standalone="yes"?><errors><error><code>53041</code><message>installment value invalid value: 140.00</message></error></errors>
16/05/2020 19:05:53 PagSeguro.Installment[info]: Begin
16/05/2020 19:05:53 PagSeguro.Installment[info]: GET: https://ws.pagseguro.uol.com.br/v2/installments?email=henriquetsi10%40gmail.com&token=0c2adbb5-4c88-4a8f-992b-675f351e7b008d74be174a64821a9fa0aaf9ee128362a6ad-cf6e-406e-8863-65c9c9b33903&amount=140.00&maxInstallmentNoInterest=3
16/05/2020 19:05:53 PagSeguro.Session[info]: Begin
16/05/2020 19:05:53 PagSeguro.Session[info]: POST: https://ws.pagseguro.uol.com.br/v2/sessions?email=henriquetsi10%40gmail.com&token=0c2adbb5-4c88-4a8f-992b-675f351e7b008d74be174a64821a9fa0aaf9ee128362a6ad-cf6e-406e-8863-65c9c9b33903
16/05/2020 19:05:53 PagSeguro.Session[info]: Session ID: 8f57d4f617c94627a721e3bd2d1ea692
16/05/2020 19:05:53 PagSeguro.DirectPayment.CreditCard[info]: Begin
16/05/2020 19:05:53 PagSeguro.DirectPayment.CreditCard[info]: POST: https://ws.pagseguro.uol.com.br/v2/transactions/?email=henriquetsi10%40gmail.com&token=0c2adbb5-4c88-4a8f-992b-675f351e7b008d74be174a64821a9fa0aaf9ee128362a6ad-cf6e-406e-8863-65c9c9b33903
16/05/2020 19:05:53 PagSeguro.Checkout[info]: Params: {"billingAddressStreet":"Av. Brig. Faria Lima","billingAddressNumber":"1384","billingAddressComplement":"apto. 114","billingAddressCity":"S\u00e3o Paulo","billingAddressState":"SP","billingAddressDistrict":"Jardim Paulistano","billingAddressPostalCode":"01452002","billingAddressCountry":"BRA","currency":"BRL","creditCardHolderName":"Jo\u00e3o Comprador","creditCardHolderBirthDate":"01\/10\/1979","creditCardHolderAreaCode":61,"creditCardHolderPhone":936524189,"creditCardHolderCPF":"58885319017","installmentQuantity":"2","installmentValue":"140.00","itemId1":"0001","itemDescription1":"Notebook prata","itemQuantity1":1,"itemAmount1":"140.00","paymentMethod":"creditCard","paymentMode":"DEFAULT","receiverEmail":"henriquetsi10@gmail.com","senderName":"Jo\u00e3o Comprador","senderEmail":"email@comprador.com.br","senderAreaCode":61,"senderPhone":"(**) 98356-****","senderCPF":"588.***.***-**","senderIp":"127.0.0.0","senderHash":"60ed3ce797f9681d8d412b49997633015b6231f52093e05cdff06b386df4afbe","shippingAddressStreet":"Av. Brig. Faria Lima","shippingAddressNumber":"1384","shippingAddressComplement":"apto. 114","shippingAddressCity":"S\u00e3o Paulo","shippingAddressState":"SP","shippingAddressDistrict":"Jardim Paulistano","shippingAddressPostalCode":"01452002","shippingAddressCountry":"BRA","creditCardToken":"5d1d02e660eb4a3ea884866fdd252c6f"}
16/05/2020 19:05:54 PagSeguro.DirectPayment.CreditCard[error]: <?xml version="1.0" encoding="ISO-8859-1" standalone="yes"?><errors><error><code>53041</code><message>installment value invalid value: 140.00</message></error></errors>
16/05/2020 19:13:57 PagSeguro.Installment[info]: Begin
16/05/2020 19:13:57 PagSeguro.Installment[info]: GET: https://ws.pagseguro.uol.com.br/v2/installments?email=henriquetsi10%40gmail.com&token=0c2adbb5-4c88-4a8f-992b-675f351e7b008d74be174a64821a9fa0aaf9ee128362a6ad-cf6e-406e-8863-65c9c9b33903&amount=140.00&maxInstallmentNoInterest=3
16/05/2020 19:13:58 PagSeguro.Session[info]: Begin
16/05/2020 19:13:58 PagSeguro.Session[info]: POST: https://ws.pagseguro.uol.com.br/v2/sessions?email=henriquetsi10%40gmail.com&token=0c2adbb5-4c88-4a8f-992b-675f351e7b008d74be174a64821a9fa0aaf9ee128362a6ad-cf6e-406e-8863-65c9c9b33903
16/05/2020 19:13:58 PagSeguro.Session[info]: Session ID: 50754be65d9f46ceb3bc0c00e287fcbd
16/05/2020 19:13:58 PagSeguro.DirectPayment.CreditCard[info]: Begin
16/05/2020 19:13:58 PagSeguro.DirectPayment.CreditCard[info]: POST: https://ws.pagseguro.uol.com.br/v2/transactions/?email=henriquetsi10%40gmail.com&token=0c2adbb5-4c88-4a8f-992b-675f351e7b008d74be174a64821a9fa0aaf9ee128362a6ad-cf6e-406e-8863-65c9c9b33903
16/05/2020 19:13:58 PagSeguro.Checkout[info]: Params: {"billingAddressStreet":"Av. Brig. Faria Lima","billingAddressNumber":"1384","billingAddressComplement":"apto. 114","billingAddressCity":"S\u00e3o Paulo","billingAddressState":"SP","billingAddressDistrict":"Jardim Paulistano","billingAddressPostalCode":"01452002","billingAddressCountry":"BRA","currency":"BRL","creditCardHolderName":"Jo\u00e3o Comprador","creditCardHolderBirthDate":"01\/10\/1979","creditCardHolderAreaCode":61,"creditCardHolderPhone":936524189,"creditCardHolderCPF":"58885319017","installmentQuantity":2,"installmentValue":"7000.00","itemId1":"0001","itemDescription1":"Notebook prata","itemQuantity1":1,"itemAmount1":"140.00","paymentMethod":"creditCard","paymentMode":"DEFAULT","receiverEmail":"henriquetsi10@gmail.com","senderName":"Jo\u00e3o Comprador","senderEmail":"email@comprador.com.br","senderAreaCode":61,"senderPhone":"(**) 98356-****","senderCPF":"588.***.***-**","senderIp":"127.0.0.0","senderHash":"60ed3ce797f9681d8d412b49997633015b6231f52093e05cdff06b386df4afbe","shippingAddressStreet":"Av. Brig. Faria Lima","shippingAddressNumber":"1384","shippingAddressComplement":"apto. 114","shippingAddressCity":"S\u00e3o Paulo","shippingAddressState":"SP","shippingAddressDistrict":"Jardim Paulistano","shippingAddressPostalCode":"01452002","shippingAddressCountry":"BRA","creditCardToken":"5d1d02e660eb4a3ea884866fdd252c6f"}
16/05/2020 19:13:59 PagSeguro.DirectPayment.CreditCard[error]: <?xml version="1.0" encoding="ISO-8859-1" standalone="yes"?><errors><error><code>53041</code><message>installment value invalid value: 7000.00</message></error></errors>
16/05/2020 19:14:10 PagSeguro.Installment[info]: Begin
16/05/2020 19:14:10 PagSeguro.Installment[info]: GET: https://ws.pagseguro.uol.com.br/v2/installments?email=henriquetsi10%40gmail.com&token=0c2adbb5-4c88-4a8f-992b-675f351e7b008d74be174a64821a9fa0aaf9ee128362a6ad-cf6e-406e-8863-65c9c9b33903&amount=140.00&maxInstallmentNoInterest=3
16/05/2020 19:14:10 PagSeguro.Session[info]: Begin
16/05/2020 19:14:10 PagSeguro.Session[info]: POST: https://ws.pagseguro.uol.com.br/v2/sessions?email=henriquetsi10%40gmail.com&token=0c2adbb5-4c88-4a8f-992b-675f351e7b008d74be174a64821a9fa0aaf9ee128362a6ad-cf6e-406e-8863-65c9c9b33903
16/05/2020 19:14:11 PagSeguro.Session[info]: Session ID: e467e99d36444a25a9d881621281d260
16/05/2020 19:14:11 PagSeguro.DirectPayment.CreditCard[info]: Begin
16/05/2020 19:14:11 PagSeguro.DirectPayment.CreditCard[info]: POST: https://ws.pagseguro.uol.com.br/v2/transactions/?email=henriquetsi10%40gmail.com&token=0c2adbb5-4c88-4a8f-992b-675f351e7b008d74be174a64821a9fa0aaf9ee128362a6ad-cf6e-406e-8863-65c9c9b33903
16/05/2020 19:14:11 PagSeguro.Checkout[info]: Params: {"billingAddressStreet":"Av. Brig. Faria Lima","billingAddressNumber":"1384","billingAddressComplement":"apto. 114","billingAddressCity":"S\u00e3o Paulo","billingAddressState":"SP","billingAddressDistrict":"Jardim Paulistano","billingAddressPostalCode":"01452002","billingAddressCountry":"BRA","currency":"BRL","creditCardHolderName":"Jo\u00e3o Comprador","creditCardHolderBirthDate":"01\/10\/1979","creditCardHolderAreaCode":61,"creditCardHolderPhone":936524189,"creditCardHolderCPF":"58885319017","installmentQuantity":2,"installmentValue":"140.00","itemId1":"0001","itemDescription1":"Notebook prata","itemQuantity1":1,"itemAmount1":"140.00","paymentMethod":"creditCard","paymentMode":"DEFAULT","receiverEmail":"henriquetsi10@gmail.com","senderName":"Jo\u00e3o Comprador","senderEmail":"email@comprador.com.br","senderAreaCode":61,"senderPhone":"(**) 98356-****","senderCPF":"588.***.***-**","senderIp":"127.0.0.0","senderHash":"60ed3ce797f9681d8d412b49997633015b6231f52093e05cdff06b386df4afbe","shippingAddressStreet":"Av. Brig. Faria Lima","shippingAddressNumber":"1384","shippingAddressComplement":"apto. 114","shippingAddressCity":"S\u00e3o Paulo","shippingAddressState":"SP","shippingAddressDistrict":"Jardim Paulistano","shippingAddressPostalCode":"01452002","shippingAddressCountry":"BRA","creditCardToken":"5d1d02e660eb4a3ea884866fdd252c6f"}
16/05/2020 19:14:11 PagSeguro.DirectPayment.CreditCard[error]: <?xml version="1.0" encoding="ISO-8859-1" standalone="yes"?><errors><error><code>53041</code><message>installment value invalid value: 140.00</message></error></errors>
16/05/2020 19:14:18 PagSeguro.Installment[info]: Begin
16/05/2020 19:14:18 PagSeguro.Installment[info]: GET: https://ws.pagseguro.uol.com.br/v2/installments?email=henriquetsi10%40gmail.com&token=0c2adbb5-4c88-4a8f-992b-675f351e7b008d74be174a64821a9fa0aaf9ee128362a6ad-cf6e-406e-8863-65c9c9b33903&amount=140.00&maxInstallmentNoInterest=3
16/05/2020 19:14:18 PagSeguro.Session[info]: Begin
16/05/2020 19:14:18 PagSeguro.Session[info]: POST: https://ws.pagseguro.uol.com.br/v2/sessions?email=henriquetsi10%40gmail.com&token=0c2adbb5-4c88-4a8f-992b-675f351e7b008d74be174a64821a9fa0aaf9ee128362a6ad-cf6e-406e-8863-65c9c9b33903
16/05/2020 19:14:19 PagSeguro.Session[info]: Session ID: 20d99225357a49f19850958694602eba
16/05/2020 19:14:19 PagSeguro.DirectPayment.CreditCard[info]: Begin
16/05/2020 19:14:19 PagSeguro.DirectPayment.CreditCard[info]: POST: https://ws.pagseguro.uol.com.br/v2/transactions/?email=henriquetsi10%40gmail.com&token=0c2adbb5-4c88-4a8f-992b-675f351e7b008d74be174a64821a9fa0aaf9ee128362a6ad-cf6e-406e-8863-65c9c9b33903
16/05/2020 19:14:19 PagSeguro.Checkout[info]: Params: {"billingAddressStreet":"Av. Brig. Faria Lima","billingAddressNumber":"1384","billingAddressComplement":"apto. 114","billingAddressCity":"S\u00e3o Paulo","billingAddressState":"SP","billingAddressDistrict":"Jardim Paulistano","billingAddressPostalCode":"01452002","billingAddressCountry":"BRA","currency":"BRL","creditCardHolderName":"Jo\u00e3o Comprador","creditCardHolderBirthDate":"01\/10\/1979","creditCardHolderAreaCode":61,"creditCardHolderPhone":936524189,"creditCardHolderCPF":"58885319017","installmentQuantity":2,"installmentValue":"70.00","itemId1":"0001","itemDescription1":"Notebook prata","itemQuantity1":1,"itemAmount1":"140.00","paymentMethod":"creditCard","paymentMode":"DEFAULT","receiverEmail":"henriquetsi10@gmail.com","senderName":"Jo\u00e3o Comprador","senderEmail":"email@comprador.com.br","senderAreaCode":61,"senderPhone":"(**) 98356-****","senderCPF":"588.***.***-**","senderIp":"127.0.0.0","senderHash":"60ed3ce797f9681d8d412b49997633015b6231f52093e05cdff06b386df4afbe","shippingAddressStreet":"Av. Brig. Faria Lima","shippingAddressNumber":"1384","shippingAddressComplement":"apto. 114","shippingAddressCity":"S\u00e3o Paulo","shippingAddressState":"SP","shippingAddressDistrict":"Jardim Paulistano","shippingAddressPostalCode":"01452002","shippingAddressCountry":"BRA","creditCardToken":"5d1d02e660eb4a3ea884866fdd252c6f"}
16/05/2020 19:14:19 PagSeguro.DirectPayment.CreditCard[error]: <?xml version="1.0" encoding="ISO-8859-1" standalone="yes"?><errors><error><code>53041</code><message>installment value invalid value: 70.00</message></error></errors>
16/05/2020 19:14:47 PagSeguro.Installment[info]: Begin
16/05/2020 19:14:47 PagSeguro.Installment[info]: GET: https://ws.pagseguro.uol.com.br/v2/installments?email=henriquetsi10%40gmail.com&token=0c2adbb5-4c88-4a8f-992b-675f351e7b008d74be174a64821a9fa0aaf9ee128362a6ad-cf6e-406e-8863-65c9c9b33903&amount=140.00&maxInstallmentNoInterest=3
16/05/2020 19:14:48 PagSeguro.Session[info]: Begin
16/05/2020 19:14:48 PagSeguro.Session[info]: POST: https://ws.pagseguro.uol.com.br/v2/sessions?email=henriquetsi10%40gmail.com&token=0c2adbb5-4c88-4a8f-992b-675f351e7b008d74be174a64821a9fa0aaf9ee128362a6ad-cf6e-406e-8863-65c9c9b33903
16/05/2020 19:14:48 PagSeguro.Session[info]: Session ID: b34509848d004108abd0f782d6007ae1
16/05/2020 19:14:48 PagSeguro.DirectPayment.CreditCard[info]: Begin
16/05/2020 19:14:48 PagSeguro.DirectPayment.CreditCard[info]: POST: https://ws.pagseguro.uol.com.br/v2/transactions/?email=henriquetsi10%40gmail.com&token=0c2adbb5-4c88-4a8f-992b-675f351e7b008d74be174a64821a9fa0aaf9ee128362a6ad-cf6e-406e-8863-65c9c9b33903
16/05/2020 19:14:48 PagSeguro.Checkout[info]: Params: {"billingAddressStreet":"Av. Brig. Faria Lima","billingAddressNumber":"1384","billingAddressComplement":"apto. 114","billingAddressCity":"S\u00e3o Paulo","billingAddressState":"SP","billingAddressDistrict":"Jardim Paulistano","billingAddressPostalCode":"01452002","billingAddressCountry":"BRA","currency":"BRL","creditCardHolderName":"Jo\u00e3o Comprador","creditCardHolderBirthDate":"01\/10\/1979","creditCardHolderAreaCode":61,"creditCardHolderPhone":936524189,"creditCardHolderCPF":"58885319017","installmentQuantity":2,"installmentValue":"70.00","itemId1":"0001","itemDescription1":"Notebook prata","itemQuantity1":1,"itemAmount1":"140.00","paymentMethod":"creditCard","paymentMode":"DEFAULT","receiverEmail":"henriquetsi10@gmail.com","senderName":"Jo\u00e3o Comprador","senderEmail":"email@comprador.com.br","senderAreaCode":61,"senderPhone":"(**) 98356-****","senderCPF":"588.***.***-**","senderIp":"127.0.0.0","senderHash":"60ed3ce797f9681d8d412b49997633015b6231f52093e05cdff06b386df4afbe","shippingAddressStreet":"Av. Brig. Faria Lima","shippingAddressNumber":"1384","shippingAddressComplement":"apto. 114","shippingAddressCity":"S\u00e3o Paulo","shippingAddressState":"SP","shippingAddressDistrict":"Jardim Paulistano","shippingAddressPostalCode":"01452002","shippingAddressCountry":"BRA","creditCardToken":"da3fce84f22e410b82726c70684e254d"}
16/05/2020 19:14:49 PagSeguro.DirectPayment.CreditCard[error]: <?xml version="1.0" encoding="ISO-8859-1" standalone="yes"?><errors><error><code>53041</code><message>installment value invalid value: 70.00</message></error></errors>
16/05/2020 19:14:58 PagSeguro.Installment[info]: Begin
16/05/2020 19:14:58 PagSeguro.Installment[info]: GET: https://ws.pagseguro.uol.com.br/v2/installments?email=henriquetsi10%40gmail.com&token=0c2adbb5-4c88-4a8f-992b-675f351e7b008d74be174a64821a9fa0aaf9ee128362a6ad-cf6e-406e-8863-65c9c9b33903&amount=140.00&maxInstallmentNoInterest=3
16/05/2020 19:14:59 PagSeguro.Session[info]: Begin
16/05/2020 19:14:59 PagSeguro.Session[info]: POST: https://ws.pagseguro.uol.com.br/v2/sessions?email=henriquetsi10%40gmail.com&token=0c2adbb5-4c88-4a8f-992b-675f351e7b008d74be174a64821a9fa0aaf9ee128362a6ad-cf6e-406e-8863-65c9c9b33903
16/05/2020 19:14:59 PagSeguro.Session[info]: Session ID: 3aa9aa258fd2461997438a51ba5c58be
16/05/2020 19:14:59 PagSeguro.DirectPayment.CreditCard[info]: Begin
16/05/2020 19:14:59 PagSeguro.DirectPayment.CreditCard[info]: POST: https://ws.pagseguro.uol.com.br/v2/transactions/?email=henriquetsi10%40gmail.com&token=0c2adbb5-4c88-4a8f-992b-675f351e7b008d74be174a64821a9fa0aaf9ee128362a6ad-cf6e-406e-8863-65c9c9b33903
16/05/2020 19:14:59 PagSeguro.Checkout[info]: Params: {"billingAddressStreet":"Av. Brig. Faria Lima","billingAddressNumber":"1384","billingAddressComplement":"apto. 114","billingAddressCity":"S\u00e3o Paulo","billingAddressState":"SP","billingAddressDistrict":"Jardim Paulistano","billingAddressPostalCode":"01452002","billingAddressCountry":"BRA","currency":"BRL","creditCardHolderName":"Jo\u00e3o Comprador","creditCardHolderBirthDate":"01\/10\/1979","creditCardHolderAreaCode":61,"creditCardHolderPhone":936524189,"creditCardHolderCPF":"58885319017","installmentQuantity":2,"installmentValue":70,"itemId1":"0001","itemDescription1":"Notebook prata","itemQuantity1":1,"itemAmount1":"140.00","paymentMethod":"creditCard","paymentMode":"DEFAULT","receiverEmail":"henriquetsi10@gmail.com","senderName":"Jo\u00e3o Comprador","senderEmail":"email@comprador.com.br","senderAreaCode":61,"senderPhone":"(**) 98356-****","senderCPF":"588.***.***-**","senderIp":"127.0.0.0","senderHash":"60ed3ce797f9681d8d412b49997633015b6231f52093e05cdff06b386df4afbe","shippingAddressStreet":"Av. Brig. Faria Lima","shippingAddressNumber":"1384","shippingAddressComplement":"apto. 114","shippingAddressCity":"S\u00e3o Paulo","shippingAddressState":"SP","shippingAddressDistrict":"Jardim Paulistano","shippingAddressPostalCode":"01452002","shippingAddressCountry":"BRA","creditCardToken":"da3fce84f22e410b82726c70684e254d"}
16/05/2020 19:14:59 PagSeguro.DirectPayment.CreditCard[error]: <?xml version="1.0" encoding="ISO-8859-1" standalone="yes"?><errors><error><code>53041</code><message>installment value invalid value: 70</message></error></errors>
16/05/2020 19:15:07 PagSeguro.Installment[info]: Begin
16/05/2020 19:15:07 PagSeguro.Installment[info]: GET: https://ws.pagseguro.uol.com.br/v2/installments?email=henriquetsi10%40gmail.com&token=0c2adbb5-4c88-4a8f-992b-675f351e7b008d74be174a64821a9fa0aaf9ee128362a6ad-cf6e-406e-8863-65c9c9b33903&amount=140.00&maxInstallmentNoInterest=3
16/05/2020 19:15:07 PagSeguro.Session[info]: Begin
16/05/2020 19:15:07 PagSeguro.Session[info]: POST: https://ws.pagseguro.uol.com.br/v2/sessions?email=henriquetsi10%40gmail.com&token=0c2adbb5-4c88-4a8f-992b-675f351e7b008d74be174a64821a9fa0aaf9ee128362a6ad-cf6e-406e-8863-65c9c9b33903
16/05/2020 19:15:08 PagSeguro.Session[info]: Session ID: 82dbdd9f59b048e3901fd01588c5a29f
16/05/2020 19:15:08 PagSeguro.DirectPayment.CreditCard[info]: Begin
16/05/2020 19:15:08 PagSeguro.DirectPayment.CreditCard[info]: POST: https://ws.pagseguro.uol.com.br/v2/transactions/?email=henriquetsi10%40gmail.com&token=0c2adbb5-4c88-4a8f-992b-675f351e7b008d74be174a64821a9fa0aaf9ee128362a6ad-cf6e-406e-8863-65c9c9b33903
16/05/2020 19:15:08 PagSeguro.Checkout[info]: Params: {"billingAddressStreet":"Av. Brig. Faria Lima","billingAddressNumber":"1384","billingAddressComplement":"apto. 114","billingAddressCity":"S\u00e3o Paulo","billingAddressState":"SP","billingAddressDistrict":"Jardim Paulistano","billingAddressPostalCode":"01452002","billingAddressCountry":"BRA","currency":"BRL","creditCardHolderName":"Jo\u00e3o Comprador","creditCardHolderBirthDate":"01\/10\/1979","creditCardHolderAreaCode":61,"creditCardHolderPhone":936524189,"creditCardHolderCPF":"58885319017","installmentQuantity":2,"installmentValue":70,"itemId1":"0001","itemDescription1":"Notebook prata","itemQuantity1":1,"itemAmount1":"140.00","paymentMethod":"creditCard","paymentMode":"DEFAULT","receiverEmail":"henriquetsi10@gmail.com","senderName":"Jo\u00e3o Comprador","senderEmail":"email@comprador.com.br","senderAreaCode":61,"senderPhone":"(**) 98356-****","senderCPF":"588.***.***-**","senderIp":"127.0.0.0","senderHash":"60ed3ce797f9681d8d412b49997633015b6231f52093e05cdff06b386df4afbe","shippingAddressStreet":"Av. Brig. Faria Lima","shippingAddressNumber":"1384","shippingAddressComplement":"apto. 114","shippingAddressCity":"S\u00e3o Paulo","shippingAddressState":"SP","shippingAddressDistrict":"Jardim Paulistano","shippingAddressPostalCode":"01452002","shippingAddressCountry":"BRA","creditCardToken":"da3fce84f22e410b82726c70684e254d"}
16/05/2020 19:15:08 PagSeguro.DirectPayment.CreditCard[error]: <?xml version="1.0" encoding="ISO-8859-1" standalone="yes"?><errors><error><code>53041</code><message>installment value invalid value: 70</message></error></errors>
16/05/2020 19:15:23 PagSeguro.Installment[info]: Begin
16/05/2020 19:15:23 PagSeguro.Installment[info]: GET: https://ws.pagseguro.uol.com.br/v2/installments?email=henriquetsi10%40gmail.com&token=0c2adbb5-4c88-4a8f-992b-675f351e7b008d74be174a64821a9fa0aaf9ee128362a6ad-cf6e-406e-8863-65c9c9b33903&amount=140.00&maxInstallmentNoInterest=3
16/05/2020 19:15:24 PagSeguro.Session[info]: Begin
16/05/2020 19:15:24 PagSeguro.Session[info]: POST: https://ws.pagseguro.uol.com.br/v2/sessions?email=henriquetsi10%40gmail.com&token=0c2adbb5-4c88-4a8f-992b-675f351e7b008d74be174a64821a9fa0aaf9ee128362a6ad-cf6e-406e-8863-65c9c9b33903
16/05/2020 19:15:24 PagSeguro.Session[info]: Session ID: 8201ed4c0f364e25a85130987fa139ca
16/05/2020 19:15:24 PagSeguro.DirectPayment.CreditCard[info]: Begin
16/05/2020 19:15:24 PagSeguro.DirectPayment.CreditCard[info]: POST: https://ws.pagseguro.uol.com.br/v2/transactions/?email=henriquetsi10%40gmail.com&token=0c2adbb5-4c88-4a8f-992b-675f351e7b008d74be174a64821a9fa0aaf9ee128362a6ad-cf6e-406e-8863-65c9c9b33903
16/05/2020 19:15:24 PagSeguro.Checkout[info]: Params: {"billingAddressStreet":"Av. Brig. Faria Lima","billingAddressNumber":"1384","billingAddressComplement":"apto. 114","billingAddressCity":"S\u00e3o Paulo","billingAddressState":"SP","billingAddressDistrict":"Jardim Paulistano","billingAddressPostalCode":"01452002","billingAddressCountry":"BRA","currency":"BRL","creditCardHolderName":"Jo\u00e3o Comprador","creditCardHolderBirthDate":"01\/10\/1979","creditCardHolderAreaCode":61,"creditCardHolderPhone":936524189,"creditCardHolderCPF":"58885319017","installmentQuantity":1,"installmentValue":140,"itemId1":"0001","itemDescription1":"Notebook prata","itemQuantity1":1,"itemAmount1":"140.00","paymentMethod":"creditCard","paymentMode":"DEFAULT","receiverEmail":"henriquetsi10@gmail.com","senderName":"Jo\u00e3o Comprador","senderEmail":"email@comprador.com.br","senderAreaCode":61,"senderPhone":"(**) 98356-****","senderCPF":"588.***.***-**","senderIp":"127.0.0.0","senderHash":"60ed3ce797f9681d8d412b49997633015b6231f52093e05cdff06b386df4afbe","shippingAddressStreet":"Av. Brig. Faria Lima","shippingAddressNumber":"1384","shippingAddressComplement":"apto. 114","shippingAddressCity":"S\u00e3o Paulo","shippingAddressState":"SP","shippingAddressDistrict":"Jardim Paulistano","shippingAddressPostalCode":"01452002","shippingAddressCountry":"BRA","creditCardToken":"da3fce84f22e410b82726c70684e254d"}
16/05/2020 19:15:24 PagSeguro.DirectPayment.CreditCard[error]: <?xml version="1.0" encoding="ISO-8859-1" standalone="yes"?><errors><error><code>53041</code><message>installment value invalid value: 140</message></error></errors>
16/05/2020 19:15:31 PagSeguro.Installment[info]: Begin
16/05/2020 19:15:31 PagSeguro.Installment[info]: GET: https://ws.pagseguro.uol.com.br/v2/installments?email=henriquetsi10%40gmail.com&token=0c2adbb5-4c88-4a8f-992b-675f351e7b008d74be174a64821a9fa0aaf9ee128362a6ad-cf6e-406e-8863-65c9c9b33903&amount=140.00&maxInstallmentNoInterest=3
16/05/2020 19:15:32 PagSeguro.Session[info]: Begin
16/05/2020 19:15:32 PagSeguro.Session[info]: POST: https://ws.pagseguro.uol.com.br/v2/sessions?email=henriquetsi10%40gmail.com&token=0c2adbb5-4c88-4a8f-992b-675f351e7b008d74be174a64821a9fa0aaf9ee128362a6ad-cf6e-406e-8863-65c9c9b33903
16/05/2020 19:15:32 PagSeguro.Session[info]: Session ID: 89714602d9d1426382d9b19471be2e56
16/05/2020 19:15:32 PagSeguro.DirectPayment.CreditCard[info]: Begin
16/05/2020 19:15:32 PagSeguro.DirectPayment.CreditCard[info]: POST: https://ws.pagseguro.uol.com.br/v2/transactions/?email=henriquetsi10%40gmail.com&token=0c2adbb5-4c88-4a8f-992b-675f351e7b008d74be174a64821a9fa0aaf9ee128362a6ad-cf6e-406e-8863-65c9c9b33903
16/05/2020 19:15:32 PagSeguro.Checkout[info]: Params: {"billingAddressStreet":"Av. Brig. Faria Lima","billingAddressNumber":"1384","billingAddressComplement":"apto. 114","billingAddressCity":"S\u00e3o Paulo","billingAddressState":"SP","billingAddressDistrict":"Jardim Paulistano","billingAddressPostalCode":"01452002","billingAddressCountry":"BRA","currency":"BRL","creditCardHolderName":"Jo\u00e3o Comprador","creditCardHolderBirthDate":"01\/10\/1979","creditCardHolderAreaCode":61,"creditCardHolderPhone":936524189,"creditCardHolderCPF":"58885319017","installmentQuantity":1,"installmentValue":70,"itemId1":"0001","itemDescription1":"Notebook prata","itemQuantity1":1,"itemAmount1":"140.00","paymentMethod":"creditCard","paymentMode":"DEFAULT","receiverEmail":"henriquetsi10@gmail.com","senderName":"Jo\u00e3o Comprador","senderEmail":"email@comprador.com.br","senderAreaCode":61,"senderPhone":"(**) 98356-****","senderCPF":"588.***.***-**","senderIp":"127.0.0.0","senderHash":"60ed3ce797f9681d8d412b49997633015b6231f52093e05cdff06b386df4afbe","shippingAddressStreet":"Av. Brig. Faria Lima","shippingAddressNumber":"1384","shippingAddressComplement":"apto. 114","shippingAddressCity":"S\u00e3o Paulo","shippingAddressState":"SP","shippingAddressDistrict":"Jardim Paulistano","shippingAddressPostalCode":"01452002","shippingAddressCountry":"BRA","creditCardToken":"da3fce84f22e410b82726c70684e254d"}
16/05/2020 19:15:32 PagSeguro.DirectPayment.CreditCard[error]: <?xml version="1.0" encoding="ISO-8859-1" standalone="yes"?><errors><error><code>53041</code><message>installment value invalid value: 70</message></error></errors>
18/05/2020 09:27:56 PagSeguro.Installment[info]: Begin
18/05/2020 09:27:56 PagSeguro.Installment[info]: GET: https://ws.pagseguro.uol.com.br/v2/installments?email=henriquetsi10%40gmail.com&token=0c2adbb5-4c88-4a8f-992b-675f351e7b008d74be174a64821a9fa0aaf9ee128362a6ad-cf6e-406e-8863-65c9c9b33903&amount=140.00&maxInstallmentNoInterest=3
18/05/2020 09:27:57 PagSeguro.Session[info]: Begin
18/05/2020 09:27:57 PagSeguro.Session[info]: POST: https://ws.pagseguro.uol.com.br/v2/sessions?email=henriquetsi10%40gmail.com&token=0c2adbb5-4c88-4a8f-992b-675f351e7b008d74be174a64821a9fa0aaf9ee128362a6ad-cf6e-406e-8863-65c9c9b33903
18/05/2020 09:27:57 PagSeguro.Session[info]: Session ID: 8cf3401a48a24d5b805dfd279c03299b
18/05/2020 09:27:57 PagSeguro.DirectPayment.Boleto[info]: Begin
18/05/2020 09:27:57 PagSeguro.DirectPayment.Boleto[info]: POST: https://ws.pagseguro.uol.com.br/v2/transactions/?email=henriquetsi10%40gmail.com&token=0c2adbb5-4c88-4a8f-992b-675f351e7b008d74be174a64821a9fa0aaf9ee128362a6ad-cf6e-406e-8863-65c9c9b33903
18/05/2020 09:27:57 PagSeguro.Checkout[info]: Params: {"currency":"BRL","extraAmount":"11.50","itemId1":"0001","itemDescription1":"Inscri\u00e7\u00e3o Acamp unidos","itemQuantity1":1,"itemAmount1":"140.00","paymentMethod":"boleto","paymentMode":"DEFAULT","senderName":"Jo\u00e3o Comprador","senderEmail":"henriquehps1997@gmail.com","senderAreaCode":61,"senderPhone":"(**) 98530-****","senderCPF":"588.***.***-**","senderHash":"60ed3ce797f9681d8d412b49997633015b6231f52093e05cdff06b386df4afbe","shippingAddressStreet":"Av. Brig. Faria Lima","shippingAddressNumber":"1384","shippingAddressComplement":"apto. 114","shippingAddressCity":"S\u00e3o Paulo","shippingAddressState":"SP","shippingAddressDistrict":"Jardim Paulistano","shippingAddressPostalCode":"01452002","shippingAddressCountry":"BRA"}
18/05/2020 09:28:00 PagSeguro.DirectPayment.Boleto[info]: Boleto Payment Link URL: https://pagseguro.uol.com.br/checkout/payment/booklet/print.jhtml?c=36f08f1971fd146340cfcee3cddc02d0a3a545f777245a2e05d9ea82da7f709c5c8e524266402181
18/05/2020 09:28:14 PagSeguro.Installment[info]: Begin
18/05/2020 09:28:14 PagSeguro.Installment[info]: GET: https://ws.pagseguro.uol.com.br/v2/installments?email=henriquetsi10%40gmail.com&token=0c2adbb5-4c88-4a8f-992b-675f351e7b008d74be174a64821a9fa0aaf9ee128362a6ad-cf6e-406e-8863-65c9c9b33903&amount=140.00&maxInstallmentNoInterest=3
18/05/2020 09:28:15 PagSeguro.Session[info]: Begin
18/05/2020 09:28:15 PagSeguro.Session[info]: POST: https://ws.pagseguro.uol.com.br/v2/sessions?email=henriquetsi10%40gmail.com&token=0c2adbb5-4c88-4a8f-992b-675f351e7b008d74be174a64821a9fa0aaf9ee128362a6ad-cf6e-406e-8863-65c9c9b33903
18/05/2020 09:28:15 PagSeguro.Session[info]: Session ID: 58210c4cace04316ad4e2dacfee39053
18/05/2020 09:28:15 PagSeguro.DirectPayment.Boleto[info]: Begin
18/05/2020 09:28:15 PagSeguro.DirectPayment.Boleto[info]: POST: https://ws.pagseguro.uol.com.br/v2/transactions/?email=henriquetsi10%40gmail.com&token=0c2adbb5-4c88-4a8f-992b-675f351e7b008d74be174a64821a9fa0aaf9ee128362a6ad-cf6e-406e-8863-65c9c9b33903
18/05/2020 09:28:15 PagSeguro.Checkout[info]: Params: {"currency":"BRL","extraAmount":"11.50","itemId1":"0001","itemDescription1":"Inscri\u00e7\u00e3o Acamp unidos","itemQuantity1":1,"itemAmount1":"140.00","paymentMethod":"boleto","paymentMode":"DEFAULT","senderName":"Jo\u00e3o Comprador","senderEmail":"henriquehps1997@gmail.com","senderAreaCode":61,"senderPhone":"(**) 98530-****","senderCPF":"588.***.***-**","senderHash":"60ed3ce797f9681d8d412b49997633015b6231f52093e05cdff06b386df4afbe","shippingAddressStreet":"Av. Brig. Faria Lima","shippingAddressNumber":"1384","shippingAddressComplement":"apto. 114","shippingAddressCity":"S\u00e3o Paulo","shippingAddressState":"SP","shippingAddressDistrict":"Jardim Paulistano","shippingAddressPostalCode":"01452002","shippingAddressCountry":"BRA"}
18/05/2020 09:28:18 PagSeguro.DirectPayment.Boleto[info]: Boleto Payment Link URL: https://pagseguro.uol.com.br/checkout/payment/booklet/print.jhtml?c=67140528140d06af8319c6217af8d928adbb14e7471531a8c8802b95d42f91cafa37a84e0dd5cf9d
18/05/2020 09:45:49 PagSeguro.Installment[info]: Begin
18/05/2020 09:45:49 PagSeguro.Installment[info]: GET: https://ws.pagseguro.uol.com.br/v2/installments?email=henriquetsi10%40gmail.com&token=0c2adbb5-4c88-4a8f-992b-675f351e7b008d74be174a64821a9fa0aaf9ee128362a6ad-cf6e-406e-8863-65c9c9b33903&amount=140.00&maxInstallmentNoInterest=3
18/05/2020 09:45:50 PagSeguro.Session[info]: Begin
18/05/2020 09:45:50 PagSeguro.Session[info]: POST: https://ws.pagseguro.uol.com.br/v2/sessions?email=henriquetsi10%40gmail.com&token=0c2adbb5-4c88-4a8f-992b-675f351e7b008d74be174a64821a9fa0aaf9ee128362a6ad-cf6e-406e-8863-65c9c9b33903
18/05/2020 09:45:50 PagSeguro.Session[info]: Session ID: fe05b8ff2ff3422e924902504108f9a4
18/05/2020 09:45:50 PagSeguro.Transactions.Notification[info]: Begin
18/05/2020 09:45:50 PagSeguro.Transactions.Notification[error]: Invalid notification parameters.
18/05/2020 09:46:02 PagSeguro.Installment[info]: Begin
18/05/2020 09:46:02 PagSeguro.Installment[info]: GET: https://ws.pagseguro.uol.com.br/v2/installments?email=henriquetsi10%40gmail.com&token=0c2adbb5-4c88-4a8f-992b-675f351e7b008d74be174a64821a9fa0aaf9ee128362a6ad-cf6e-406e-8863-65c9c9b33903&amount=140.00&maxInstallmentNoInterest=3
18/05/2020 09:46:02 PagSeguro.Session[info]: Begin
18/05/2020 09:46:02 PagSeguro.Session[info]: POST: https://ws.pagseguro.uol.com.br/v2/sessions?email=henriquetsi10%40gmail.com&token=0c2adbb5-4c88-4a8f-992b-675f351e7b008d74be174a64821a9fa0aaf9ee128362a6ad-cf6e-406e-8863-65c9c9b33903
18/05/2020 09:46:02 PagSeguro.Session[info]: Session ID: 772d4aa21c874bc2b8c8c3ce3998651a
18/05/2020 09:46:02 PagSeguro.Transactions.Notification[info]: Begin
18/05/2020 09:46:02 PagSeguro.Transactions.Notification[error]: Invalid notification parameters.
18/05/2020 09:46:06 PagSeguro.Installment[info]: Begin
18/05/2020 09:46:06 PagSeguro.Installment[info]: GET: https://ws.pagseguro.uol.com.br/v2/installments?email=henriquetsi10%40gmail.com&token=0c2adbb5-4c88-4a8f-992b-675f351e7b008d74be174a64821a9fa0aaf9ee128362a6ad-cf6e-406e-8863-65c9c9b33903&amount=140.00&maxInstallmentNoInterest=3
18/05/2020 09:46:06 PagSeguro.Session[info]: Begin
18/05/2020 09:46:06 PagSeguro.Session[info]: POST: https://ws.pagseguro.uol.com.br/v2/sessions?email=henriquetsi10%40gmail.com&token=0c2adbb5-4c88-4a8f-992b-675f351e7b008d74be174a64821a9fa0aaf9ee128362a6ad-cf6e-406e-8863-65c9c9b33903
18/05/2020 09:46:07 PagSeguro.Session[info]: Session ID: a23b1b0f2a7443ec8de3fc3fcf059e48
18/05/2020 09:46:07 PagSeguro.Transactions.Notification[info]: Begin
18/05/2020 09:46:07 PagSeguro.Transactions.Notification[error]: Invalid notification parameters.
18/05/2020 09:47:40 PagSeguro.Installment[info]: Begin
18/05/2020 09:47:40 PagSeguro.Installment[info]: GET: https://ws.pagseguro.uol.com.br/v2/installments?email=henriquetsi10%40gmail.com&token=0c2adbb5-4c88-4a8f-992b-675f351e7b008d74be174a64821a9fa0aaf9ee128362a6ad-cf6e-406e-8863-65c9c9b33903&amount=140.00&maxInstallmentNoInterest=3
18/05/2020 09:47:40 PagSeguro.Session[info]: Begin
18/05/2020 09:47:40 PagSeguro.Session[info]: POST: https://ws.pagseguro.uol.com.br/v2/sessions?email=henriquetsi10%40gmail.com&token=0c2adbb5-4c88-4a8f-992b-675f351e7b008d74be174a64821a9fa0aaf9ee128362a6ad-cf6e-406e-8863-65c9c9b33903
18/05/2020 09:47:40 PagSeguro.Session[info]: Session ID: 779b97010b614166b8fa2dd574b5aafc
18/05/2020 09:47:40 PagSeguro.Transactions.Search.Code[info]: Begin
18/05/2020 09:47:40 PagSeguro.Transactions.Search.Code[info]: GET: https://ws.pagseguro.uol.com.br/v3/transactions/144C1E68-E294-453E-A475-A3E0D847A77D/?email=henriquetsi10%40gmail.com&token=0c2adbb5-4c88-4a8f-992b-675f351e7b008d74be174a64821a9fa0aaf9ee128362a6ad-cf6e-406e-8863-65c9c9b33903
18/05/2020 09:47:41 PagSeguro.Transactions.Search.Code[info]: Date: 2020-05-18T11:28:13.000-03:00, Code: 144C1E68-E294-453E-A475-A3E0D847A77D
18/05/2020 10:03:44 PagSeguro.Installment[info]: Begin
18/05/2020 10:03:44 PagSeguro.Installment[info]: GET: https://ws.pagseguro.uol.com.br/v2/installments?email=henriquetsi10%40gmail.com&token=0c2adbb5-4c88-4a8f-992b-675f351e7b008d74be174a64821a9fa0aaf9ee128362a6ad-cf6e-406e-8863-65c9c9b33903&amount=140.00&maxInstallmentNoInterest=3
18/05/2020 10:03:45 PagSeguro.Session[info]: Begin
18/05/2020 10:03:45 PagSeguro.Session[info]: POST: https://ws.pagseguro.uol.com.br/v2/sessions?email=henriquetsi10%40gmail.com&token=0c2adbb5-4c88-4a8f-992b-675f351e7b008d74be174a64821a9fa0aaf9ee128362a6ad-cf6e-406e-8863-65c9c9b33903
18/05/2020 10:03:45 PagSeguro.Session[info]: Session ID: 2b9b708266f1417594307a2b90148e88
18/05/2020 10:04:15 PagSeguro.Installment[info]: Begin
18/05/2020 10:04:15 PagSeguro.Installment[info]: GET: https://ws.pagseguro.uol.com.br/v2/installments?email=henriquetsi10%40gmail.com&token=0c2adbb5-4c88-4a8f-992b-675f351e7b008d74be174a64821a9fa0aaf9ee128362a6ad-cf6e-406e-8863-65c9c9b33903&amount=140.00&maxInstallmentNoInterest=3
18/05/2020 10:04:16 PagSeguro.Session[info]: Begin
18/05/2020 10:04:16 PagSeguro.Session[info]: POST: https://ws.pagseguro.uol.com.br/v2/sessions?email=henriquetsi10%40gmail.com&token=0c2adbb5-4c88-4a8f-992b-675f351e7b008d74be174a64821a9fa0aaf9ee128362a6ad-cf6e-406e-8863-65c9c9b33903
18/05/2020 10:04:22 PagSeguro.Session[info]: Session ID: 9dff8d42bf9b4c42beb37452d066cae5
18/05/2020 10:05:06 PagSeguro.Installment[info]: Begin
18/05/2020 10:05:06 PagSeguro.Installment[info]: GET: https://ws.pagseguro.uol.com.br/v2/installments?email=henriquetsi10%40gmail.com&token=0c2adbb5-4c88-4a8f-992b-675f351e7b008d74be174a64821a9fa0aaf9ee128362a6ad-cf6e-406e-8863-65c9c9b33903&amount=140.00&maxInstallmentNoInterest=3
18/05/2020 10:05:07 PagSeguro.Session[info]: Begin
18/05/2020 10:05:07 PagSeguro.Session[info]: POST: https://ws.pagseguro.uol.com.br/v2/sessions?email=henriquetsi10%40gmail.com&token=0c2adbb5-4c88-4a8f-992b-675f351e7b008d74be174a64821a9fa0aaf9ee128362a6ad-cf6e-406e-8863-65c9c9b33903
18/05/2020 10:05:07 PagSeguro.Session[info]: Session ID: 71c1430bbee64c2794dbf0472c7bb86a
18/05/2020 10:07:07 PagSeguro.Installment[info]: Begin
18/05/2020 10:07:07 PagSeguro.Installment[info]: GET: https://ws.pagseguro.uol.com.br/v2/installments?email=henriquetsi10%40gmail.com&token=0c2adbb5-4c88-4a8f-992b-675f351e7b008d74be174a64821a9fa0aaf9ee128362a6ad-cf6e-406e-8863-65c9c9b33903&amount=140.00&maxInstallmentNoInterest=3
18/05/2020 10:07:08 PagSeguro.Session[info]: Begin
18/05/2020 10:07:08 PagSeguro.Session[info]: POST: https://ws.pagseguro.uol.com.br/v2/sessions?email=henriquetsi10%40gmail.com&token=0c2adbb5-4c88-4a8f-992b-675f351e7b008d74be174a64821a9fa0aaf9ee128362a6ad-cf6e-406e-8863-65c9c9b33903
18/05/2020 10:07:08 PagSeguro.Session[info]: Session ID: 587bc8c5d4124cc7b51c37df7fd259c0
18/05/2020 10:23:29 PagSeguro.Installment[info]: Begin
18/05/2020 10:23:29 PagSeguro.Installment[info]: GET: https://ws.pagseguro.uol.com.br/v2/installments?email=henriquetsi10%40gmail.com&token=0c2adbb5-4c88-4a8f-992b-675f351e7b008d74be174a64821a9fa0aaf9ee128362a6ad-cf6e-406e-8863-65c9c9b33903&amount=140.00&maxInstallmentNoInterest=3
18/05/2020 10:23:29 PagSeguro.Session[info]: Begin
18/05/2020 10:23:29 PagSeguro.Session[info]: POST: https://ws.pagseguro.uol.com.br/v2/sessions?email=henriquetsi10%40gmail.com&token=0c2adbb5-4c88-4a8f-992b-675f351e7b008d74be174a64821a9fa0aaf9ee128362a6ad-cf6e-406e-8863-65c9c9b33903
18/05/2020 10:23:30 PagSeguro.Session[info]: Session ID: 9f6da5171ca748b08f1b26ff3eb1bed7
18/05/2020 10:23:43 PagSeguro.Installment[info]: Begin
18/05/2020 10:23:43 PagSeguro.Installment[info]: GET: https://ws.pagseguro.uol.com.br/v2/installments?email=henriquetsi10%40gmail.com&token=0c2adbb5-4c88-4a8f-992b-675f351e7b008d74be174a64821a9fa0aaf9ee128362a6ad-cf6e-406e-8863-65c9c9b33903&amount=140.00&maxInstallmentNoInterest=3
18/05/2020 10:23:44 PagSeguro.Session[info]: Begin
18/05/2020 10:23:44 PagSeguro.Session[info]: POST: https://ws.pagseguro.uol.com.br/v2/sessions?email=henriquetsi10%40gmail.com&token=0c2adbb5-4c88-4a8f-992b-675f351e7b008d74be174a64821a9fa0aaf9ee128362a6ad-cf6e-406e-8863-65c9c9b33903
18/05/2020 10:23:44 PagSeguro.Session[info]: Session ID: 0bb3b78f0e584615bd46f7017b0e659c
18/05/2020 10:23:44 PagSeguro.DirectPayment.Boleto[info]: Begin
18/05/2020 10:23:44 PagSeguro.DirectPayment.Boleto[info]: POST: https://ws.pagseguro.uol.com.br/v2/transactions/?email=henriquetsi10%40gmail.com&token=0c2adbb5-4c88-4a8f-992b-675f351e7b008d74be174a64821a9fa0aaf9ee128362a6ad-cf6e-406e-8863-65c9c9b33903
18/05/2020 10:23:44 PagSeguro.Checkout[info]: Params: {"currency":"BRL","itemId1":"0001","itemDescription1":"Inscri\u00e7\u00e3o Acamp unidos","itemQuantity1":1,"itemAmount1":"140.00","paymentMethod":"boleto","paymentMode":"DEFAULT","senderName":"Jo\u00e3o Comprador","senderEmail":"henriquehps1997@gmail.com","senderAreaCode":61,"senderPhone":"(**) 98530-****","senderCPF":"588.***.***-**","senderHash":"60ed3ce797f9681d8d412b49997633015b6231f52093e05cdff06b386df4afbe","shippingAddressStreet":"Av. Brig. Faria Lima","shippingAddressNumber":"1384","shippingAddressComplement":"apto. 114","shippingAddressCity":"S\u00e3o Paulo","shippingAddressState":"SP","shippingAddressDistrict":"Jardim Paulistano","shippingAddressPostalCode":"01452002","shippingAddressCountry":"BRA"}
18/05/2020 10:23:47 PagSeguro.DirectPayment.Boleto[info]: Boleto Payment Link URL: https://pagseguro.uol.com.br/checkout/payment/booklet/print.jhtml?c=e4acbda76e79d4d7cf3f474bfbf2e9efc1a09a05ab92d1e69efdc3e4a5e47b87df735282048b5dea
18/05/2020 10:29:02 PagSeguro.Installment[info]: Begin
18/05/2020 10:29:02 PagSeguro.Installment[info]: GET: https://ws.pagseguro.uol.com.br/v2/installments?email=henriquetsi10%40gmail.com&token=0c2adbb5-4c88-4a8f-992b-675f351e7b008d74be174a64821a9fa0aaf9ee128362a6ad-cf6e-406e-8863-65c9c9b33903&amount=140.00&maxInstallmentNoInterest=3
18/05/2020 10:29:12 PagSeguro.Session[info]: Begin
18/05/2020 10:29:12 PagSeguro.Session[info]: POST: https://ws.pagseguro.uol.com.br/v2/sessions?email=henriquetsi10%40gmail.com&token=0c2adbb5-4c88-4a8f-992b-675f351e7b008d74be174a64821a9fa0aaf9ee128362a6ad-cf6e-406e-8863-65c9c9b33903
18/05/2020 10:29:19 PagSeguro.Session[info]: Session ID: c3e1e709dba146d383658f6ed3819dc5
18/05/2020 10:29:19 PagSeguro.DirectPayment.Boleto[info]: Begin
18/05/2020 10:29:19 PagSeguro.DirectPayment.Boleto[info]: POST: https://ws.pagseguro.uol.com.br/v2/transactions/?email=henriquetsi10%40gmail.com&token=0c2adbb5-4c88-4a8f-992b-675f351e7b008d74be174a64821a9fa0aaf9ee128362a6ad-cf6e-406e-8863-65c9c9b33903
18/05/2020 10:29:20 PagSeguro.Checkout[info]: Params: {"currency":"BRL","itemId1":"0001","itemDescription1":"Inscri\u00e7\u00e3o Acamp unidos","itemQuantity1":1,"itemAmount1":"140.00","paymentMethod":"boleto","paymentMode":"DEFAULT","senderName":"Jo\u00e3o Comprador","senderEmail":"henriquehps1997@gmail.com","senderAreaCode":61,"senderPhone":"(**) 98530-****","senderCPF":"588.***.***-**","senderHash":"60ed3ce797f9681d8d412b49997633015b6231f52093e05cdff06b386df4afbe","shippingAddressStreet":"Av. Brig. Faria Lima","shippingAddressNumber":"1384","shippingAddressComplement":"apto. 114","shippingAddressCity":"S\u00e3o Paulo","shippingAddressState":"SP","shippingAddressDistrict":"Jardim Paulistano","shippingAddressPostalCode":"01452002","shippingAddressCountry":"BRA"}
18/05/2020 10:29:26 PagSeguro.DirectPayment.Boleto[info]: Boleto Payment Link URL: https://pagseguro.uol.com.br/checkout/payment/booklet/print.jhtml?c=516849a23ab31ff6191669c60d36936558438a5c0631283c770ab88dda00713ac0f68eb98f38886d
18/05/2020 16:29:33 PagSeguro.Installment[info]: Begin
18/05/2020 16:29:33 PagSeguro.Installment[info]: GET: https://ws.pagseguro.uol.com.br/v2/installments?email=henriquetsi10%40gmail.com&token=0c2adbb5-4c88-4a8f-992b-675f351e7b008d74be174a64821a9fa0aaf9ee128362a6ad-cf6e-406e-8863-65c9c9b33903&amount=140.00&maxInstallmentNoInterest=3
19/05/2020 10:49:11 PagSeguro.Installment[info]: Begin
19/05/2020 10:49:11 PagSeguro.Installment[info]: GET: https://ws.pagseguro.uol.com.br/v2/installments?email=henriquetsi10%40gmail.com&token=0c2adbb5-4c88-4a8f-992b-675f351e7b008d74be174a64821a9fa0aaf9ee128362a6ad-cf6e-406e-8863-65c9c9b33903&amount=140.00&maxInstallmentNoInterest=3
19/05/2020 10:49:12 PagSeguro.Session[info]: Begin
19/05/2020 10:49:12 PagSeguro.Session[info]: POST: https://ws.pagseguro.uol.com.br/v2/sessions?email=henriquetsi10%40gmail.com&token=0c2adbb5-4c88-4a8f-992b-675f351e7b008d74be174a64821a9fa0aaf9ee128362a6ad-cf6e-406e-8863-65c9c9b33903
19/05/2020 10:49:12 PagSeguro.Session[info]: Session ID: f6e76f5b46604c06807724055784d907